0 info it worked if it ends with ok
1 verbose cli [ 'node',
1 verbose cli   '/usr/local/bin/npm',
1 verbose cli   'install',
1 verbose cli   'express',
1 verbose cli   'sokect.io',
1 verbose cli   'body-parser' ]
2 info using npm@1.4.28
3 info using node@v0.10.35
4 verbose cache add [ 'express', null ]
5 verbose cache add name=undefined spec="express" args=["express",null]
6 verbose parsed url { protocol: null,
6 verbose parsed url   slashes: null,
6 verbose parsed url   auth: null,
6 verbose parsed url   host: null,
6 verbose parsed url   port: null,
6 verbose parsed url   hostname: null,
6 verbose parsed url   hash: null,
6 verbose parsed url   search: null,
6 verbose parsed url   query: null,
6 verbose parsed url   pathname: 'express',
6 verbose parsed url   path: 'express',
6 verbose parsed url   href: 'express' }
7 verbose cache add [ 'sokect.io', null ]
8 verbose cache add name=undefined spec="sokect.io" args=["sokect.io",null]
9 verbose parsed url { protocol: null,
9 verbose parsed url   slashes: null,
9 verbose parsed url   auth: null,
9 verbose parsed url   host: null,
9 verbose parsed url   port: null,
9 verbose parsed url   hostname: null,
9 verbose parsed url   hash: null,
9 verbose parsed url   search: null,
9 verbose parsed url   query: null,
9 verbose parsed url   pathname: 'sokect.io',
9 verbose parsed url   path: 'sokect.io',
9 verbose parsed url   href: 'sokect.io' }
10 verbose cache add [ 'body-parser', null ]
11 verbose cache add name=undefined spec="body-parser" args=["body-parser",null]
12 verbose parsed url { protocol: null,
12 verbose parsed url   slashes: null,
12 verbose parsed url   auth: null,
12 verbose parsed url   host: null,
12 verbose parsed url   port: null,
12 verbose parsed url   hostname: null,
12 verbose parsed url   hash: null,
12 verbose parsed url   search: null,
12 verbose parsed url   query: null,
12 verbose parsed url   pathname: 'body-parser',
12 verbose parsed url   path: 'body-parser',
12 verbose parsed url   href: 'body-parser' }
13 silly lockFile f3c62de4-express express
14 verbose lock express /Users/luizstacio/.npm/f3c62de4-express.lock
15 silly lockFile c0b57a0b-sokect-io sokect.io
16 verbose lock sokect.io /Users/luizstacio/.npm/c0b57a0b-sokect-io.lock
17 silly lockFile 14cf125c-body-parser body-parser
18 verbose lock body-parser /Users/luizstacio/.npm/14cf125c-body-parser.lock
19 silly lockFile c0b57a0b-sokect-io sokect.io
20 silly lockFile c0b57a0b-sokect-io sokect.io
21 silly lockFile f3c62de4-express express
22 silly lockFile f3c62de4-express express
23 silly lockFile 14cf125c-body-parser body-parser
24 silly lockFile 14cf125c-body-parser body-parser
25 verbose addNamed [ 'sokect.io', '' ]
26 verbose addNamed [ null, '*' ]
27 silly lockFile ac6cf584-sokect-io sokect.io@
28 verbose lock sokect.io@ /Users/luizstacio/.npm/ac6cf584-sokect-io.lock
29 verbose addNamed [ 'express', '' ]
30 verbose addNamed [ null, '*' ]
31 silly lockFile 64a534c1-express express@
32 verbose lock express@ /Users/luizstacio/.npm/64a534c1-express.lock
33 verbose addNamed [ 'body-parser', '' ]
34 verbose addNamed [ null, '*' ]
35 silly lockFile 9f665704-body-parser body-parser@
36 verbose lock body-parser@ /Users/luizstacio/.npm/9f665704-body-parser.lock
37 silly addNameRange { name: 'sokect.io', range: '*', hasData: false }
38 silly addNameRange { name: 'express', range: '*', hasData: false }
39 verbose request where is /sokect.io
40 verbose request registry https://registry.npmjs.org/
41 verbose request id 51cc2ae4c0b6ac55
42 verbose url raw /sokect.io
43 verbose url resolving [ 'https://registry.npmjs.org/', './sokect.io' ]
44 verbose url resolved https://registry.npmjs.org/sokect.io
45 verbose request where is https://registry.npmjs.org/sokect.io
46 info trying registry request attempt 1 at 01:06:53
47 http GET https://registry.npmjs.org/sokect.io
48 silly addNameRange { name: 'body-parser', range: '*', hasData: false }
49 verbose request where is /express
50 verbose request registry https://registry.npmjs.org/
51 verbose url raw /express
52 verbose url resolving [ 'https://registry.npmjs.org/', './express' ]
53 verbose url resolved https://registry.npmjs.org/express
54 verbose request where is https://registry.npmjs.org/express
55 info trying registry request attempt 1 at 01:06:53
56 verbose etag "17MC6IPP5OVHSRB9M63T1H7KI"
57 http GET https://registry.npmjs.org/express
58 verbose request where is /body-parser
59 verbose request registry https://registry.npmjs.org/
60 verbose url raw /body-parser
61 verbose url resolving [ 'https://registry.npmjs.org/', './body-parser' ]
62 verbose url resolved https://registry.npmjs.org/body-parser
63 verbose request where is https://registry.npmjs.org/body-parser
64 info trying registry request attempt 1 at 01:06:53
65 verbose etag "4U91Q41SKBMFLBLVZNJ3AS7F8"
66 http GET https://registry.npmjs.org/body-parser
67 http 404 https://registry.npmjs.org/sokect.io
68 verbose headers { date: 'Wed, 04 Mar 2015 04:06:54 GMT',
68 verbose headers   server: 'Apache',
68 verbose headers   'content-type': 'application/json',
68 verbose headers   'cache-control': 'max-age=0',
68 verbose headers   'content-length': '29',
68 verbose headers   'accept-ranges': 'bytes',
68 verbose headers   via: '1.1 varnish',
68 verbose headers   age: '0',
68 verbose headers   'x-served-by': 'cache-atl6235-ATL',
68 verbose headers   'x-cache': 'MISS',
68 verbose headers   'x-cache-hits': '0',
68 verbose headers   'x-timer': 'S1425442013.939796,VS0,VE308',
68 verbose headers   'keep-alive': 'timeout=10, max=50',
68 verbose headers   connection: 'Keep-Alive' }
69 silly registry.get cb [ 404,
69 silly registry.get   { date: 'Wed, 04 Mar 2015 04:06:54 GMT',
69 silly registry.get     server: 'Apache',
69 silly registry.get     'content-type': 'application/json',
69 silly registry.get     'cache-control': 'max-age=0',
69 silly registry.get     'content-length': '29',
69 silly registry.get     'accept-ranges': 'bytes',
69 silly registry.get     via: '1.1 varnish',
69 silly registry.get     age: '0',
69 silly registry.get     'x-served-by': 'cache-atl6235-ATL',
69 silly registry.get     'x-cache': 'MISS',
69 silly registry.get     'x-cache-hits': '0',
69 silly registry.get     'x-timer': 'S1425442013.939796,VS0,VE308',
69 silly registry.get     'keep-alive': 'timeout=10, max=50',
69 silly registry.get     connection: 'Keep-Alive' } ]
70 silly lockFile ac6cf584-sokect-io sokect.io@
71 silly lockFile ac6cf584-sokect-io sokect.io@
72 http 200 https://registry.npmjs.org/body-parser
73 silly registry.get cb [ 200,
73 silly registry.get   { date: 'Wed, 04 Mar 2015 04:06:54 GMT',
73 silly registry.get     server: 'CouchDB/1.5.0 (Erlang OTP/R16B03)',
73 silly registry.get     etag: '"147-baf63c0124137fb9527ff71b4db5e7cd"',
73 silly registry.get     'content-type': 'application/json',
73 silly registry.get     'cache-control': 'max-age=60',
73 silly registry.get     'content-length': '85835',
73 silly registry.get     'accept-ranges': 'bytes',
73 silly registry.get     via: '1.1 varnish',
73 silly registry.get     age: '0',
73 silly registry.get     'x-served-by': 'cache-atl6230-ATL',
73 silly registry.get     'x-cache': 'MISS',
73 silly registry.get     'x-cache-hits': '0',
73 silly registry.get     'x-timer': 'S1425442014.028102,VS0,VE518',
73 silly registry.get     'keep-alive': 'timeout=10, max=50',
73 silly registry.get     connection: 'Keep-Alive' } ]
74 silly addNameRange number 2 { name: 'body-parser', range: '*', hasData: true }
75 silly addNameRange versions [ 'body-parser',
75 silly addNameRange   [ '1.0.0',
75 silly addNameRange     '1.0.1',
75 silly addNameRange     '1.0.2',
75 silly addNameRange     '1.1.0',
75 silly addNameRange     '1.1.1',
75 silly addNameRange     '1.1.2',
75 silly addNameRange     '1.2.0',
75 silly addNameRange     '1.2.1',
75 silly addNameRange     '1.2.2',
75 silly addNameRange     '1.3.0',
75 silly addNameRange     '1.3.1',
75 silly addNameRange     '1.4.0',
75 silly addNameRange     '1.4.1',
75 silly addNameRange     '1.4.2',
75 silly addNameRange     '1.4.3',
75 silly addNameRange     '1.5.0',
75 silly addNameRange     '1.5.1',
75 silly addNameRange     '1.5.2',
75 silly addNameRange     '1.6.0',
75 silly addNameRange     '1.6.1',
75 silly addNameRange     '1.6.2',
75 silly addNameRange     '1.6.3',
75 silly addNameRange     '1.6.4',
75 silly addNameRange     '1.6.5',
75 silly addNameRange     '1.6.6',
75 silly addNameRange     '1.6.7',
75 silly addNameRange     '1.7.0',
75 silly addNameRange     '1.8.0',
75 silly addNameRange     '1.8.1',
75 silly addNameRange     '1.8.2',
75 silly addNameRange     '1.8.3',
75 silly addNameRange     '1.8.4',
75 silly addNameRange     '1.9.0',
75 silly addNameRange     '1.9.1',
75 silly addNameRange     '1.9.2',
75 silly addNameRange     '1.9.3',
75 silly addNameRange     '1.10.0',
75 silly addNameRange     '1.10.1',
75 silly addNameRange     '1.10.2',
75 silly addNameRange     '1.11.0',
75 silly addNameRange     '1.12.0' ] ]
76 verbose addNamed [ 'body-parser', '1.12.0' ]
77 verbose addNamed [ '1.12.0', '1.12.0' ]
78 silly lockFile 6c41bb2b-body-parser-1-12-0 body-parser@1.12.0
79 verbose lock body-parser@1.12.0 /Users/luizstacio/.npm/6c41bb2b-body-parser-1-12-0.lock
80 silly lockFile 6c41bb2b-body-parser-1-12-0 body-parser@1.12.0
81 silly lockFile 6c41bb2b-body-parser-1-12-0 body-parser@1.12.0
82 silly lockFile 9f665704-body-parser body-parser@
83 silly lockFile 9f665704-body-parser body-parser@
84 http 200 https://registry.npmjs.org/express
85 silly registry.get cb [ 200,
85 silly registry.get   { date: 'Wed, 04 Mar 2015 04:06:54 GMT',
85 silly registry.get     server: 'CouchDB/1.5.0 (Erlang OTP/R16B03)',
85 silly registry.get     etag: '"1654-ea328534b50704ccf6f9df8ee46d3255"',
85 silly registry.get     'content-type': 'application/json',
85 silly registry.get     'cache-control': 'max-age=60',
85 silly registry.get     'content-length': '483039',
85 silly registry.get     'accept-ranges': 'bytes',
85 silly registry.get     via: '1.1 varnish',
85 silly registry.get     age: '59',
85 silly registry.get     'x-served-by': 'cache-atl6228-ATL',
85 silly registry.get     'x-cache': 'HIT',
85 silly registry.get     'x-cache-hits': '2',
85 silly registry.get     'x-timer': 'S1425442014.007717,VS0,VE0',
85 silly registry.get     'keep-alive': 'timeout=10, max=50',
85 silly registry.get     connection: 'Keep-Alive' } ]
86 silly addNameRange number 2 { name: 'express', range: '*', hasData: true }
87 silly addNameRange versions [ 'express',
87 silly addNameRange   [ '0.14.0',
87 silly addNameRange     '0.14.1',
87 silly addNameRange     '1.0.0',
87 silly addNameRange     '1.0.1',
87 silly addNameRange     '1.0.2',
87 silly addNameRange     '1.0.3',
87 silly addNameRange     '1.0.4',
87 silly addNameRange     '1.0.5',
87 silly addNameRange     '1.0.6',
87 silly addNameRange     '1.0.7',
87 silly addNameRange     '1.0.8',
87 silly addNameRange     '2.0.0',
87 silly addNameRange     '2.1.0',
87 silly addNameRange     '2.1.1',
87 silly addNameRange     '2.2.0',
87 silly addNameRange     '2.2.1',
87 silly addNameRange     '2.2.2',
87 silly addNameRange     '2.3.0',
87 silly addNameRange     '2.3.1',
87 silly addNameRange     '2.3.2',
87 silly addNameRange     '2.3.3',
87 silly addNameRange     '2.3.4',
87 silly addNameRange     '2.3.5',
87 silly addNameRange     '2.3.6',
87 silly addNameRange     '2.3.7',
87 silly addNameRange     '2.3.8',
87 silly addNameRange     '2.3.9',
87 silly addNameRange     '2.3.10',
87 silly addNameRange     '2.3.11',
87 silly addNameRange     '2.3.12',
87 silly addNameRange     '2.4.0',
87 silly addNameRange     '2.4.1',
87 silly addNameRange     '2.4.2',
87 silly addNameRange     '2.4.3',
87 silly addNameRange     '2.4.4',
87 silly addNameRange     '2.4.5',
87 silly addNameRange     '2.4.6',
87 silly addNameRange     '2.4.7',
87 silly addNameRange     '2.5.0',
87 silly addNameRange     '2.5.1',
87 silly addNameRange     '2.5.2',
87 silly addNameRange     '2.5.3',
87 silly addNameRange     '2.5.4',
87 silly addNameRange     '2.5.5',
87 silly addNameRange     '2.5.6',
87 silly addNameRange     '2.5.7',
87 silly addNameRange     '2.5.8',
87 silly addNameRange     '2.5.9',
87 silly addNameRange     '2.5.10',
87 silly addNameRange     '2.5.11',
87 silly addNameRange     '3.0.0',
87 silly addNameRange     '3.0.1',
87 silly addNameRange     '3.0.2',
87 silly addNameRange     '3.0.3',
87 silly addNameRange     '3.0.4',
87 silly addNameRange     '3.0.5',
87 silly addNameRange     '3.0.6',
87 silly addNameRange     '3.1.0',
87 silly addNameRange     '3.1.1',
87 silly addNameRange     '3.1.2',
87 silly addNameRange     '3.2.0',
87 silly addNameRange     '3.2.1',
87 silly addNameRange     '3.2.2',
87 silly addNameRange     '3.2.3',
87 silly addNameRange     '3.2.4',
87 silly addNameRange     '3.2.5',
87 silly addNameRange     '3.2.6',
87 silly addNameRange     '3.3.0',
87 silly addNameRange     '3.3.1',
87 silly addNameRange     '3.3.2',
87 silly addNameRange     '3.3.3',
87 silly addNameRange     '3.3.4',
87 silly addNameRange     '3.3.5',
87 silly addNameRange     '3.3.6',
87 silly addNameRange     '1.0.0-beta',
87 silly addNameRange     '1.0.0-beta2',
87 silly addNameRange     '1.0.0-rc',
87 silly addNameRange     '1.0.0-rc2',
87 silly addNameRange     '1.0.0-rc3',
87 silly addNameRange     '1.0.0-rc4',
87 silly addNameRange     '2.0.0-beta',
87 silly addNameRange     '2.0.0-beta2',
87 silly addNameRange     '2.0.0-beta3',
87 silly addNameRange     '2.0.0-rc',
87 silly addNameRange     '2.0.0-rc2',
87 silly addNameRange     '2.0.0-rc3',
87 silly addNameRange     '3.0.0-alpha1',
87 silly addNameRange     '3.0.0-alpha2',
87 silly addNameRange     '3.0.0-alpha3',
87 silly addNameRange     '3.0.0-alpha4',
87 silly addNameRange     '3.0.0-alpha5',
87 silly addNameRange     '3.0.0-beta1',
87 silly addNameRange     '3.0.0-beta2',
87 silly addNameRange     '3.0.0-beta3',
87 silly addNameRange     '3.0.0-beta4',
87 silly addNameRange     '3.0.0-beta6',
87 silly addNameRange     '3.0.0-beta7',
87 silly addNameRange     '3.0.0-rc1',
87 silly addNameRange     '3.0.0-rc2',
87 silly addNameRange     '3.0.0-rc3',
87 silly addNameRange     '3.0.0-rc4',
87 silly addNameRange     '3.0.0-rc5',
87 silly addNameRange     '3.3.7',
87 silly addNameRange     '3.3.8',
87 silly addNameRange     '3.4.0',
87 silly addNameRange     '3.4.1',
87 silly addNameRange     '3.4.2',
87 silly addNameRange     '3.4.3',
87 silly addNameRange     '3.4.4',
87 silly addNameRange     '3.4.5',
87 silly addNameRange     '3.4.6',
87 silly addNameRange     '3.4.7',
87 silly addNameRange     '3.4.8',
87 silly addNameRange     '4.0.0-rc1',
87 silly addNameRange     '4.0.0-rc2',
87 silly addNameRange     '3.5.0',
87 silly addNameRange     '4.0.0-rc3',
87 silly addNameRange     '4.0.0-rc4',
87 silly addNameRange     '3.5.1',
87 silly addNameRange     '4.0.0',
87 silly addNameRange     '3.5.2',
87 silly addNameRange     '4.1.0',
87 silly addNameRange     '4.1.1',
87 silly addNameRange     '3.5.3',
87 silly addNameRange     '4.1.2',
87 silly addNameRange     '3.6.0',
87 silly addNameRange     '4.2.0',
87 silly addNameRange     '3.7.0',
87 silly addNameRange     '3.8.0',
87 silly addNameRange     '4.3.0',
87 silly addNameRange     '4.3.1',
87 silly addNameRange     '3.8.1',
87 silly addNameRange     '4.3.2',
87 silly addNameRange     '3.9.0',
87 silly addNameRange     '4.4.0',
87 silly addNameRange     '4.4.1',
87 silly addNameRange     '3.10.0',
87 silly addNameRange     '3.10.1',
87 silly addNameRange     '3.10.2',
87 silly addNameRange     '3.10.3',
87 silly addNameRange     '3.10.4',
87 silly addNameRange     '4.4.2',
87 silly addNameRange     '3.10.5',
87 silly addNameRange     '4.4.3',
87 silly addNameRange     '3.11.0',
87 silly addNameRange     '4.4.4',
87 silly addNameRange     '3.12.0',
87 silly addNameRange     '3.12.1',
87 silly addNameRange     '4.4.5',
87 silly addNameRange     '3.13.0',
87 silly addNameRange     '4.5.0',
87 silly addNameRange     '4.5.1',
87 silly addNameRange     '3.14.0',
87 silly addNameRange     '4.6.0',
87 silly addNameRange     '4.6.1',
87 silly addNameRange     '3.15.0',
87 silly addNameRange     '4.7.0',
87 silly addNameRange     '3.15.1',
87 silly addNameRange     '4.7.1',
87 silly addNameRange     '3.15.2',
87 silly addNameRange     '4.7.2',
87 silly addNameRange     '4.7.3',
87 silly addNameRange     '3.15.3',
87 silly addNameRange     '4.7.4',
87 silly addNameRange     '3.16.0',
87 silly addNameRange     '4.8.0',
87 silly addNameRange     '3.16.1',
87 silly addNameRange     '4.8.1',
87 silly addNameRange     '3.16.2',
87 silly addNameRange     '4.8.2',
87 silly addNameRange     '3.16.3',
87 silly addNameRange     '3.16.4',
87 silly addNameRange     '4.8.3',
87 silly addNameRange     '3.16.5',
87 silly addNameRange     '3.16.6',
87 silly addNameRange     '4.8.4',
87 silly addNameRange     '3.16.7',
87 silly addNameRange     '4.8.5',
87 silly addNameRange     '3.16.8',
87 silly addNameRange     '4.8.6',
87 silly addNameRange     '3.16.9',
87 silly addNameRange     '4.8.7',
87 silly addNameRange     '3.16.10',
87 silly addNameRange     '4.8.8',
87 silly addNameRange     '3.17.0',
87 silly addNameRange     '3.17.1',
87 silly addNameRange     '4.9.0',
87 silly addNameRange     '3.17.2',
87 silly addNameRange     '4.9.1',
87 silly addNameRange     '4.9.2',
87 silly addNameRange     '3.17.3',
87 silly addNameRange     '4.9.3',
87 silly addNameRange     '3.17.4',
87 silly addNameRange     '4.9.4',
87 silly addNameRange     '3.17.5',
87 silly addNameRange     '4.9.5',
87 silly addNameRange     '3.17.6',
87 silly addNameRange     '3.17.7',
87 silly addNameRange     '4.9.6',
87 silly addNameRange     '4.9.7',
87 silly addNameRange     '3.17.8',
87 silly addNameRange     '4.9.8',
87 silly addNameRange     '3.18.0',
87 silly addNameRange     '3.18.1',
87 silly addNameRange     '4.10.0',
87 silly addNameRange     '3.18.2',
87 silly addNameRange     '4.10.1',
87 silly addNameRange     '5.0.0-alpha.1',
87 silly addNameRange     '3.18.3',
87 silly addNameRange     '4.10.2',
87 silly addNameRange     '3.18.4',
87 silly addNameRange     '4.10.3',
87 silly addNameRange     '4.10.4',
87 silly addNameRange     '4.10.5',
87 silly addNameRange     '3.18.5',
87 silly addNameRange     '3.18.6',
87 silly addNameRange     '4.10.6',
87 silly addNameRange     '4.10.7',
87 silly addNameRange     '3.19.0',
87 silly addNameRange     '4.10.8',
87 silly addNameRange     '4.11.0',
87 silly addNameRange     '3.19.1',
87 silly addNameRange     '4.11.1',
87 silly addNameRange     '3.19.2',
87 silly addNameRange     '4.11.2',
87 silly addNameRange     '3.20.0',
87 silly addNameRange     '4.12.0',
87 silly addNameRange     '3.20.1',
87 silly addNameRange     '4.12.1',
87 silly addNameRange     '4.12.2' ] ]
88 verbose addNamed [ 'express', '4.12.2' ]
89 verbose addNamed [ '4.12.2', '4.12.2' ]
90 silly lockFile a2d0019d-express-4-12-2 express@4.12.2
91 verbose lock express@4.12.2 /Users/luizstacio/.npm/a2d0019d-express-4-12-2.lock
92 silly lockFile c80c21a4-s-org-express-express-4-12-2-tgz https://registry.npmjs.org/express/-/express-4.12.2.tgz
93 verbose lock https://registry.npmjs.org/express/-/express-4.12.2.tgz /Users/luizstacio/.npm/c80c21a4-s-org-express-express-4-12-2-tgz.lock
94 verbose addRemoteTarball [ 'https://registry.npmjs.org/express/-/express-4.12.2.tgz',
94 verbose addRemoteTarball   '7e72ad4c1b4edf07536a6d1e2acec0161d8564bd' ]
95 info retry fetch attempt 1 at 01:06:55
96 verbose fetch to= /var/folders/wv/wfjb66f9011fby972cr9xjx40000gn/T/npm-11674-8-HLim_Q/registry.npmjs.org/express/-/express-4.12.2.tgz
97 http GET https://registry.npmjs.org/express/-/express-4.12.2.tgz
98 http 200 https://registry.npmjs.org/express/-/express-4.12.2.tgz
99 silly lockFile c80c21a4-s-org-express-express-4-12-2-tgz https://registry.npmjs.org/express/-/express-4.12.2.tgz
100 silly lockFile c80c21a4-s-org-express-express-4-12-2-tgz https://registry.npmjs.org/express/-/express-4.12.2.tgz
101 silly lockFile a2d0019d-express-4-12-2 express@4.12.2
102 silly lockFile a2d0019d-express-4-12-2 express@4.12.2
103 silly lockFile 64a534c1-express express@
104 silly lockFile 64a534c1-express express@
105 error Error: Package not found : sokect.io
105 error     at RegClient.<anonymous> (/usr/local/lib/node_modules/npm/node_modules/npm-registry-client/lib/request.js:308:14)
105 error     at Request._callback (/usr/local/lib/node_modules/npm/node_modules/npm-registry-client/lib/request.js:246:65)
105 error     at Request.self.callback (/usr/local/lib/node_modules/npm/node_modules/request/request.js:236:22)
105 error     at Request.emit (events.js:98:17)
105 error     at Request.<anonymous> (/usr/local/lib/node_modules/npm/node_modules/request/request.js:1142:14)
105 error     at Request.emit (events.js:117:20)
105 error     at IncomingMessage.<anonymous> (/usr/local/lib/node_modules/npm/node_modules/request/request.js:1096:12)
105 error     at IncomingMessage.emit (events.js:117:20)
105 error     at _stream_readable.js:944:16
105 error     at process._tickCallback (node.js:442:13)
106 error If you need help, you may report this *entire* log,
106 error including the npm and node versions, at:
106 error     <http://github.com/npm/npm/issues>
107 error System Darwin 14.1.0
108 error command "node" "/usr/local/bin/npm" "install" "express" "sokect.io" "body-parser"
109 error cwd /projects/chat-pm
110 error node -v v0.10.35
111 error npm -v 1.4.28
112 verbose exit [ 1, true ]
